#
# There is insufficient memory for the Java Runtime Environment to continue.
# Native memory allocation (malloc) failed to allocate 1420400 bytes for Chunk::new
# Possible reasons:
#   The system is out of physical RAM or swap space
#   The process is running with CompressedOops enabled, and the Java Heap may be blocking the growth of the native heap
# Possible solutions:
#   Reduce memory load on the system
#   Increase physical memory or swap space
#   Check if swap backing store is full
#   Decrease Java heap size (-Xmx/-Xms)
#   Decrease number of Java threads
#   Decrease Java thread stack sizes (-Xss)
#   Set larger code cache with -XX:ReservedCodeCacheSize=
#   JVM is running with Unscaled Compressed Oops mode in which the Java heap is
#     placed in the first 4GB address space. The Java Heap base address is the
#     maximum limit for the native heap growth. Please use -XX:HeapBaseMinAddress
#     to set the Java Heap base and to place the Java Heap above 4GB virtual address.
# This output file may be truncated or incomplete.
#
#  Out of Memory Error (allocation.cpp:389), pid=20224, tid=0x00000000000054ac
#
# JRE version: Java(TM) SE Runtime Environment (8.0_241-b07) (build 1.8.0_241-b07)
# Java VM: Java HotSpot(TM) 64-Bit Server VM (25.241-b07 mixed mode windows-amd64 compressed oops)
# Failed to write core dump. Minidumps are not enabled by default on client versions of Windows
#

---------------  T H R E A D  ---------------

Current thread (0x0000000017f20000):  JavaThread "C2 CompilerThread1" daemon [_thread_in_native, id=21676, stack(0x0000000019a80000,0x0000000019b80000)]

Stack: [0x0000000019a80000,0x0000000019b80000]
[error occurred during error reporting (printing stack bounds), id 0xc0000005]

Native frames: (J=compiled Java code, j=interpreted, Vv=VM code, C=native code)


Current CompileTask:
C2:  14321 5069   !   4       com.google.inject.spi.InjectionPoint::getInjectionPoints (489 bytes)


---------------  P R O C E S S  ---------------

Java Threads: ( => current thread )
  0x0000000019320000 JavaThread "Service Thread" daemon [_thread_blocked, id=20996, stack(0x0000000019c80000,0x0000000019d80000)]
  0x0000000017f2d800 JavaThread "C1 CompilerThread2" daemon [_thread_blocked, id=18548, stack(0x0000000019b80000,0x0000000019c80000)]
=>0x0000000017f20000 JavaThread "C2 CompilerThread1" daemon [_thread_in_native, id=21676, stack(0x0000000019a80000,0x0000000019b80000)]
  0x0000000017f0e000 JavaThread "C2 CompilerThread0" daemon [_thread_in_native, id=17768, stack(0x0000000019980000,0x0000000019a80000)]
  0x0000000017f0d800 JavaThread "Monitor Ctrl-Break" daemon [_thread_in_native, id=3772, stack(0x0000000019880000,0x0000000019980000)]
  0x0000000017ef6800 JavaThread "Attach Listener" daemon [_thread_blocked, id=21608, stack(0x0000000019780000,0x0000000019880000)]
  0x0000000017ef3800 JavaThread "Signal Dispatcher" daemon [_thread_blocked, id=592, stack(0x0000000019680000,0x0000000019780000)]
  0x000000000340c800 JavaThread "Finalizer" daemon [_thread_blocked, id=18288, stack(0x0000000019120000,0x0000000019220000)]
  0x0000000017eba000 JavaThread "Reference Handler" daemon [_thread_blocked, id=20964, stack(0x0000000019020000,0x0000000019120000)]
  0x0000000003313800 JavaThread "main" [_thread_in_native, id=14500, stack(0x0000000002da0000,0x0000000002ea0000)]

Other Threads:
  0x0000000017e97000 VMThread [stack: 0x0000000018f20000,0x0000000019020000] [id=21668]
  0x0000000019356800 WatcherThread [stack: 0x0000000019d80000,0x0000000019e80000] [id=21316]

VM state:not at safepoint (normal execution)

VM Mutex/Monitor currently owned by a thread: None

heap address: 0x0000000082400000, size: 2012 MB, Compressed Oops mode: 32-bit
Narrow klass base: 0x0000000000000000, Narrow klass shift: 3
Compressed class space size: 1073741824 Address: 0x0000000100000000

Heap:
 PSYoungGen      total 98816K, used 70944K [0x00000000d6180000, 0x00000000df480000, 0x0000000100000000)
  eden space 89088K, 68% used [0x00000000d6180000,0x00000000d9d4a5d0,0x00000000db880000)
  from space 9728K, 99% used [0x00000000deb00000,0x00000000df47dc18,0x00000000df480000)
  to   space 15872K, 0% used [0x00000000dd580000,0x00000000dd580000,0x00000000de500000)
 ParOldGen       total 67072K, used 18395K [0x0000000082400000, 0x0000000086580000, 0x00000000d6180000)
  object space 67072K, 27% used [0x0000000082400000,0x00000000835f6fc0,0x0000000086580000)
 Metaspace       used 25206K, capacity 25796K, committed 25984K, reserved 1073152K
  class space    used 2910K, capacity 3111K, committed 3200K, reserved 1048576K

Card table byte_map: [0x00000000127d0000,0x0000000012bc0000] byte_map_base: 0x00000000123be000

Marking Bits: (ParMarkBitMap*) 0x0000000057eebe30
 Begin Bits: [0x0000000013260000, 0x00000000151d0000)
 End Bits:   [0x00000000151d0000, 0x0000000017140000)

Polling page: 0x0000000001510000

CodeCache: size=245760Kb used=16457Kb max_used=16457Kb free=229302Kb
 bounds [0x0000000003410000, 0x0000000004440000, 0x0000000012410000]
 total_blobs=5081 nmethods=4667 adapters=326
 compilation: enabled

Compilation events (10 events):
Event: 14.028 Thread 0x0000000017f2d800 5101       3       org.codehaus.plexus.util.SelectorUtils::equals (37 bytes)
Event: 14.028 Thread 0x0000000017f2d800 nmethod 5101 0x00000000044344d0 code [0x0000000004434660, 0x0000000004434978]
Event: 14.047 Thread 0x0000000017f2d800 5104       3       org.codehaus.plexus.util.AbstractScanner::isExcluded (38 bytes)
Event: 14.047 Thread 0x0000000017f2d800 nmethod 5104 0x0000000004434a90 code [0x0000000004434c20, 0x0000000004434f48]
Event: 14.054 Thread 0x0000000017f2d800 5105       1       org.codehaus.plexus.util.DirectoryScanner::isSelected (2 bytes)
Event: 14.054 Thread 0x0000000017f2d800 nmethod 5105 0x0000000004435090 code [0x00000000044351e0, 0x00000000044352f0]
Event: 14.090 Thread 0x0000000017f2d800 5108       3       org.codehaus.plexus.util.AbstractScanner::isIncluded (38 bytes)
Event: 14.091 Thread 0x0000000017f2d800 nmethod 5108 0x0000000004435350 code [0x00000000044354e0, 0x0000000004435808]
Event: 14.231 Thread 0x0000000017f2d800 5109       3       java.io.File::length (33 bytes)
Event: 14.231 Thread 0x0000000017f2d800 nmethod 5109 0x0000000004435d10 code [0x0000000004435ea0, 0x00000000044362c8]

GC Heap History (10 events):
Event: 3.597 GC heap before
{Heap before GC invocations=3 (full 0):
 PSYoungGen      total 37888K, used 37886K [0x00000000d6180000, 0x00000000d8b80000, 0x0000000100000000)
  eden space 32768K, 100% used [0x00000000d6180000,0x00000000d8180000,0x00000000d8180000)
  from space 5120K, 99% used [0x00000000d8680000,0x00000000d8b7fad0,0x00000000d8b80000)
  to   space 5120K, 0% used [0x00000000d8180000,0x00000000d8180000,0x00000000d8680000)
 ParOldGen       total 86016K, used 1309K [0x0000000082400000, 0x0000000087800000, 0x00000000d6180000)
  object space 86016K, 1% used [0x0000000082400000,0x0000000082547660,0x0000000087800000)
 Metaspace       used 14988K, capacity 15338K, committed 15616K, reserved 1062912K
  class space    used 1837K, capacity 1942K, committed 2048K, reserved 1048576K
Event: 3.612 GC heap after
Heap after GC invocations=3 (full 0):
 PSYoungGen      total 37888K, used 5112K [0x00000000d6180000, 0x00000000dab80000, 0x0000000100000000)
  eden space 32768K, 0% used [0x00000000d6180000,0x00000000d6180000,0x00000000d8180000)
  from space 5120K, 99% used [0x00000000d8180000,0x00000000d867e270,0x00000000d8680000)
  to   space 5120K, 0% used [0x00000000da680000,0x00000000da680000,0x00000000dab80000)
 ParOldGen       total 86016K, used 3375K [0x0000000082400000, 0x0000000087800000, 0x00000000d6180000)
  object space 86016K, 3% used [0x0000000082400000,0x000000008274bdf8,0x0000000087800000)
 Metaspace       used 14988K, capacity 15338K, committed 15616K, reserved 1062912K
  class space    used 1837K, capacity 1942K, committed 2048K, reserved 1048576K
}
Event: 4.564 GC heap before
{Heap before GC invocations=4 (full 0):
 PSYoungGen      total 37888K, used 37880K [0x00000000d6180000, 0x00000000dab80000, 0x0000000100000000)
  eden space 32768K, 100% used [0x00000000d6180000,0x00000000d8180000,0x00000000d8180000)
  from space 5120K, 99% used [0x00000000d8180000,0x00000000d867e270,0x00000000d8680000)
  to   space 5120K, 0% used [0x00000000da680000,0x00000000da680000,0x00000000dab80000)
 ParOldGen       total 86016K, used 3375K [0x0000000082400000, 0x0000000087800000, 0x00000000d6180000)
  object space 86016K, 3% used [0x0000000082400000,0x000000008274bdf8,0x0000000087800000)
 Metaspace       used 16549K, capacity 16922K, committed 17280K, reserved 1064960K
  class space    used 1968K, capacity 2082K, committed 2176K, reserved 1048576K
Event: 4.576 GC heap after
Heap after GC invocations=4 (full 0):
 PSYoungGen      total 70656K, used 5096K [0x00000000d6180000, 0x00000000dab80000, 0x0000000100000000)
  eden space 65536K, 0% used [0x00000000d6180000,0x00000000d6180000,0x00000000da180000)
  from space 5120K, 99% used [0x00000000da680000,0x00000000dab7a040,0x00000000dab80000)
  to   space 5120K, 0% used [0x00000000da180000,0x00000000da180000,0x00000000da680000)
 ParOldGen       total 86016K, used 5549K [0x0000000082400000, 0x0000000087800000, 0x00000000d6180000)
  object space 86016K, 6% used [0x0000000082400000,0x000000008296b670,0x0000000087800000)
 Metaspace       used 16549K, capacity 16922K, committed 17280K, reserved 1064960K
  class space    used 1968K, capacity 2082K, committed 2176K, reserved 1048576K
}
Event: 7.129 GC heap before
{Heap before GC invocations=5 (full 0):
 PSYoungGen      total 70656K, used 69010K [0x00000000d6180000, 0x00000000dab80000, 0x0000000100000000)
  eden space 65536K, 97% used [0x00000000d6180000,0x00000000d9fea830,0x00000000da180000)
  from space 5120K, 99% used [0x00000000da680000,0x00000000dab7a040,0x00000000dab80000)
  to   space 5120K, 0% used [0x00000000da180000,0x00000000da180000,0x00000000da680000)
 ParOldGen       total 86016K, used 5549K [0x0000000082400000, 0x0000000087800000, 0x00000000d6180000)
  object space 86016K, 6% used [0x0000000082400000,0x000000008296b670,0x0000000087800000)
 Metaspace       used 20722K, capacity 21130K, committed 21296K, reserved 1069056K
  class space    used 2488K, capacity 2610K, committed 2688K, reserved 1048576K
Event: 7.157 GC heap after
Heap after GC invocations=5 (full 0):
 PSYoungGen      total 70656K, used 5112K [0x00000000d6180000, 0x00000000df480000, 0x0000000100000000)
  eden space 65536K, 0% used [0x00000000d6180000,0x00000000d6180000,0x00000000da180000)
  from space 5120K, 99% used [0x00000000da180000,0x00000000da67e050,0x00000000da680000)
  to   space 9728K, 0% used [0x00000000deb00000,0x00000000deb00000,0x00000000df480000)
 ParOldGen       total 86016K, used 9150K [0x0000000082400000, 0x0000000087800000, 0x00000000d6180000)
  object space 86016K, 10% used [0x0000000082400000,0x0000000082cefba0,0x0000000087800000)
 Metaspace       used 20722K, capacity 21130K, committed 21296K, reserved 1069056K
  class space    used 2488K, capacity 2610K, committed 2688K, reserved 1048576K
}
Event: 7.157 GC heap before
{Heap before GC invocations=6 (full 1):
 PSYoungGen      total 70656K, used 5112K [0x00000000d6180000, 0x00000000df480000, 0x0000000100000000)
  eden space 65536K, 0% used [0x00000000d6180000,0x00000000d6180000,0x00000000da180000)
  from space 5120K, 99% used [0x00000000da180000,0x00000000da67e050,0x00000000da680000)
  to   space 9728K, 0% used [0x00000000deb00000,0x00000000deb00000,0x00000000df480000)
 ParOldGen       total 86016K, used 9150K [0x0000000082400000, 0x0000000087800000, 0x00000000d6180000)
  object space 86016K, 10% used [0x0000000082400000,0x0000000082cefba0,0x0000000087800000)
 Metaspace       used 20722K, capacity 21130K, committed 21296K, reserved 1069056K
  class space    used 2488K, capacity 2610K, committed 2688K, reserved 1048576K
Event: 7.271 GC heap after
Heap after GC invocations=6 (full 1):
 PSYoungGen      total 70656K, used 0K [0x00000000d6180000, 0x00000000df480000, 0x0000000100000000)
  eden space 65536K, 0% used [0x00000000d6180000,0x00000000d6180000,0x00000000da180000)
  from space 5120K, 0% used [0x00000000da180000,0x00000000da180000,0x00000000da680000)
  to   space 9728K, 0% used [0x00000000deb00000,0x00000000deb00000,0x00000000df480000)
 ParOldGen       total 67072K, used 9680K [0x0000000082400000, 0x0000000086580000, 0x00000000d6180000)
  object space 67072K, 14% used [0x0000000082400000,0x0000000082d74340,0x0000000086580000)
 Metaspace       used 20722K, capacity 21130K, committed 21296K, reserved 1069056K
  class space    used 2488K, capacity 2610K, committed 2688K, reserved 1048576K
}
Event: 12.437 GC heap before
{Heap before GC invocations=7 (full 1):
 PSYoungGen      total 70656K, used 65536K [0x00000000d6180000, 0x00000000df480000, 0x0000000100000000)
  eden space 65536K, 100% used [0x00000000d6180000,0x00000000da180000,0x00000000da180000)
  from space 5120K, 0% used [0x00000000da180000,0x00000000da180000,0x00000000da680000)
  to   space 9728K, 0% used [0x00000000deb00000,0x00000000deb00000,0x00000000df480000)
 ParOldGen       total 67072K, used 9680K [0x0000000082400000, 0x0000000086580000, 0x00000000d6180000)
  object space 67072K, 14% used [0x0000000082400000,0x0000000082d74340,0x0000000086580000)
 Metaspace       used 23307K, capacity 23740K, committed 23936K, reserved 1071104K
  class space    used 2725K, capacity 2836K, committed 2944K, reserved 1048576K
Event: 12.455 GC heap after
Heap after GC invocations=7 (full 1):
 PSYoungGen      total 98816K, used 9719K [0x00000000d6180000, 0x00000000df480000, 0x0000000100000000)
  eden space 89088K, 0% used [0x00000000d6180000,0x00000000d6180000,0x00000000db880000)
  from space 9728K, 99% used [0x00000000deb00000,0x00000000df47dc18,0x00000000df480000)
  to   space 15872K, 0% used [0x00000000dd580000,0x00000000dd580000,0x00000000de500000)
 ParOldGen       total 67072K, used 18395K [0x0000000082400000, 0x0000000086580000, 0x00000000d6180000)
  object space 67072K, 27% used [0x0000000082400000,0x00000000835f6fc0,0x0000000086580000)
 Metaspace       used 23307K, capacity 23740K, committed 23936K, reserved 1071104K
  class space    used 2725K, capacity 2836K, committed 2944K, reserved 1048576K
}

Deoptimization events (10 events):
Event: 13.103 Thread 0x0000000003313800 Uncommon trap: reason=class_check action=maybe_recompile pc=0x0000000003e4a7e8 method=java.lang.Character.toLowerCase(I)I @ 5
Event: 13.103 Thread 0x0000000003313800 Uncommon trap: reason=class_check action=maybe_recompile pc=0x0000000003e4ca60 method=java.lang.Character.toLowerCase(I)I @ 5
Event: 13.103 Thread 0x0000000003313800 Uncommon trap: reason=class_check action=maybe_recompile pc=0x0000000003e4ca60 method=java.lang.Character.toLowerCase(I)I @ 5
Event: 13.103 Thread 0x0000000003313800 Uncommon trap: reason=class_check action=maybe_recompile pc=0x0000000003e4ca60 method=java.lang.Character.toLowerCase(I)I @ 5
Event: 13.103 Thread 0x0000000003313800 Uncommon trap: reason=class_check action=maybe_recompile pc=0x0000000003e4a7e8 method=java.lang.Character.toLowerCase(I)I @ 5
Event: 13.104 Thread 0x0000000003313800 Uncommon trap: reason=class_check action=maybe_recompile pc=0x0000000003eb6eac method=java.lang.Character.toLowerCase(I)I @ 5
Event: 13.195 Thread 0x0000000003313800 Uncommon trap: reason=unstable_if action=reinterpret pc=0x0000000003a6c904 method=java.nio.charset.CharsetEncoder.encode(Ljava/nio/CharBuffer;Ljava/nio/ByteBuffer;Z)Ljava/nio/charset/CoderResult; @ 1
Event: 13.197 Thread 0x0000000003313800 Uncommon trap: reason=unstable_if action=reinterpret pc=0x0000000003ac8bf8 method=sun.nio.cs.UTF_8$Encoder.encodeArrayLoop(Ljava/nio/CharBuffer;Ljava/nio/ByteBuffer;)Ljava/nio/charset/CoderResult; @ 87
Event: 13.206 Thread 0x0000000003313800 Uncommon trap: reason=unstable_if action=reinterpret pc=0x00000000037d0ac4 method=java.util.concurrent.ConcurrentHashMap.putVal(Ljava/lang/Object;Ljava/lang/Object;Z)Ljava/lang/Object; @ 206
Event: 13.421 Thread 0x0000000003313800 Uncommon trap: reason=unstable_if action=reinterpret pc=0x000000000399c1fc method=java.util.WeakHashMap.expungeStaleEntries()V @ 66

Classes redefined (0 events):
No events

Internal exceptions (10 events):
Event: 3.138 Thread 0x0000000003313800 Exception <a 'java/lang/NoClassDefFoundError': com/google/inject/servlet/ServletModuleTargetVisitor> (0x00000000d75bae48) thrown at [C:\ade\jenkins\workspace\8-2-build-windows-amd64-cygwin\jdk8u241\331\hotspot\src\share\vm\classfile\systemDictionary.cpp, 
Event: 3.139 Thread 0x0000000003313800 Exception <a 'java/lang/NoClassDefFoundError'> (0x00000000d75bae48) thrown at [C:\ade\jenkins\workspace\8-2-build-windows-amd64-cygwin\jdk8u241\331\hotspot\src\share\vm\prims\jvm.cpp, line 1506]
Event: 3.139 Thread 0x0000000003313800 Exception <a 'java/lang/NoClassDefFoundError': javax/annotation/Priority> (0x00000000d75bfc68) thrown at [C:\ade\jenkins\workspace\8-2-build-windows-amd64-cygwin\jdk8u241\331\hotspot\src\share\vm\classfile\systemDictionary.cpp, line 199]
Event: 3.327 Thread 0x0000000003313800 Implicit null exception at 0x000000000362831b to 0x00000000036284c5
Event: 3.917 Thread 0x0000000003313800 Implicit null exception at 0x0000000003aad498 to 0x0000000003aae731
Event: 4.076 Thread 0x0000000003313800 Implicit null exception at 0x00000000038176d5 to 0x00000000038178a5
Event: 4.077 Thread 0x0000000003313800 Implicit null exception at 0x00000000038cd6ef to 0x00000000038cd759
Event: 6.259 Thread 0x0000000003313800 Exception <a 'java/lang/ClassNotFoundException': com/sun/tools/javac/api/JavacTool> (0x00000000d9360458) thrown at [C:\ade\jenkins\workspace\8-2-build-windows-amd64-cygwin\jdk8u241\331\hotspot\src\share\vm\classfile\systemDictionary.cpp, line 210]
Event: 8.752 Thread 0x0000000003313800 Exception <a 'java/io/FileNotFoundException'> (0x00000000d6b6d0f0) thrown at [C:\ade\jenkins\workspace\8-2-build-windows-amd64-cygwin\jdk8u241\331\hotspot\src\share\vm\prims\jni.cpp, line 710]
Event: 8.859 Thread 0x0000000003313800 Exception <a 'java/io/FileNotFoundException'> (0x00000000d6ba40c0) thrown at [C:\ade\jenkins\workspace\8-2-build-windows-amd64-cygwin\jdk8u241\331\hotspot\src\share\vm\prims\jni.cpp, line 710]

Events (10 events):
Event: 14.013 loading class org/codehaus/plexus/util/AbstractScanner
Event: 14.013 loading class org/codehaus/plexus/util/AbstractScanner done
Event: 14.013 loading class org/codehaus/plexus/util/Scanner
Event: 14.013 loading class org/codehaus/plexus/util/Scanner done
Event: 14.013 loading class org/codehaus/plexus/util/Scanner
Event: 14.013 loading class org/codehaus/plexus/util/Scanner done
Event: 14.015 loading class org/codehaus/plexus/util/SelectorUtils
Event: 14.015 loading class org/codehaus/plexus/util/SelectorUtils done
Event: 14.015 loading class org/codehaus/plexus/util/SelectorUtils
Event: 14.015 loading class org/codehaus/plexus/util/SelectorUtils done


Dynamic libraries:
0x00007ff714270000 - 0x00007ff7142a7000 	D:\JavaJDK\jdk1.8\bin\java.exe
0x00007ffa7e7d0000 - 0x00007ffa7e9c5000 	C:\WINDOWS\SYSTEM32\ntdll.dll
0x00007ffa7d880000 - 0x00007ffa7d93d000 	C:\WINDOWS\System32\KERNEL32.DLL
0x00007ffa7c530000 - 0x00007ffa7c7f9000 	C:\WINDOWS\System32\KERNELBASE.dll
0x00007ffa7d7d0000 - 0x00007ffa7d87c000 	C:\WINDOWS\System32\ADVAPI32.dll
0x00007ffa7c9b0000 - 0x00007ffa7ca4e000 	C:\WINDOWS\System32\msvcrt.dll
0x00007ffa7e6a0000 - 0x00007ffa7e73b000 	C:\WINDOWS\System32\sechost.dll
0x00007ffa7da30000 - 0x00007ffa7db5a000 	C:\WINDOWS\System32\RPCRT4.dll
0x00007ffa7e3d0000 - 0x00007ffa7e570000 	C:\WINDOWS\System32\USER32.dll
0x00007ffa7c060000 - 0x00007ffa7c082000 	C:\WINDOWS\System32\win32u.dll
0x00007ffa7dc20000 - 0x00007ffa7dc4a000 	C:\WINDOWS\System32\GDI32.dll
0x00007ffa7c220000 - 0x00007ffa7c32b000 	C:\WINDOWS\System32\gdi32full.dll
0x00007ffa7bed0000 - 0x00007ffa7bf6d000 	C:\WINDOWS\System32\msvcp_win.dll
0x00007ffa7c330000 - 0x00007ffa7c430000 	C:\WINDOWS\System32\ucrtbase.dll
0x00007ffa64ca0000 - 0x00007ffa64f3a000 	C:\WINDOWS\WinSxS\amd64_microsoft.windows.common-controls_6595b64144ccf1df_6.0.19041.1110_none_60b5254171f9507e\COMCTL32.dll
0x00007ffa7da00000 - 0x00007ffa7da30000 	C:\WINDOWS\System32\IMM32.DLL
0x0000000057f70000 - 0x0000000058042000 	D:\JavaJDK\jdk1.8\jre\bin\msvcr100.dll
0x00000000576c0000 - 0x0000000057f6c000 	D:\JavaJDK\jdk1.8\jre\bin\server\jvm.dll
0x00007ffa7dd30000 - 0x00007ffa7dd38000 	C:\WINDOWS\System32\PSAPI.DLL
0x00007ffa54200000 - 0x00007ffa54209000 	C:\WINDOWS\SYSTEM32\WSOCK32.dll
0x00007ffa7e300000 - 0x00007ffa7e36b000 	C:\WINDOWS\System32\WS2_32.dll
0x00007ffa650f0000 - 0x00007ffa65117000 	C:\WINDOWS\SYSTEM32\WINMM.dll
0x00007ffa71020000 - 0x00007ffa7102a000 	C:\WINDOWS\SYSTEM32\VERSION.dll
0x00007ffa76100000 - 0x00007ffa7610f000 	D:\JavaJDK\jdk1.8\jre\bin\verify.dll
0x00007ffa66f80000 - 0x00007ffa66fa9000 	D:\JavaJDK\jdk1.8\jre\bin\java.dll
0x00007ffa630a0000 - 0x00007ffa630c3000 	D:\JavaJDK\jdk1.8\jre\bin\instrument.dll
0x00007ffa73040000 - 0x00007ffa73056000 	D:\JavaJDK\jdk1.8\jre\bin\zip.dll
0x00007ffa7cf60000 - 0x00007ffa7d69f000 	C:\WINDOWS\System32\SHELL32.dll
0x00007ffa76c60000 - 0x00007ffa773f0000 	C:\WINDOWS\SYSTEM32\windows.storage.dll
0x00007ffa7df90000 - 0x00007ffa7e2e5000 	C:\WINDOWS\System32\combase.dll
0x00007ffa7b930000 - 0x00007ffa7b95c000 	C:\WINDOWS\SYSTEM32\Wldp.dll
0x00007ffa7db60000 - 0x00007ffa7dc0e000 	C:\WINDOWS\System32\SHCORE.dll
0x00007ffa7d770000 - 0x00007ffa7d7c5000 	C:\WINDOWS\System32\shlwapi.dll
0x00007ffa7be10000 - 0x00007ffa7be2f000 	C:\WINDOWS\SYSTEM32\profapi.dll
0x00007ffa72b00000 - 0x00007ffa72b1a000 	S:\IDE\IntelliJ IDEA Community Edition 2021.2.1\bin\breakgen64.dll
0x00007ffa72a90000 - 0x00007ffa72aaa000 	D:\JavaJDK\jdk1.8\jre\bin\net.dll
0x00007ffa7b690000 - 0x00007ffa7b6fa000 	C:\WINDOWS\system32\mswsock.dll
0x00007ffa7b890000 - 0x00007ffa7b8a8000 	C:\WINDOWS\SYSTEM32\CRYPTSP.dll
0x00007ffa7afa0000 - 0x00007ffa7afd4000 	C:\WINDOWS\system32\rsaenh.dll
0x00007ffa7c090000 - 0x00007ffa7c0b7000 	C:\WINDOWS\System32\bcrypt.dll
0x00007ffa7bdd0000 - 0x00007ffa7bdfe000 	C:\WINDOWS\SYSTEM32\USERENV.dll
0x00007ffa7bf70000 - 0x00007ffa7bff3000 	C:\WINDOWS\System32\bcryptprimitives.dll
0x00007ffa7b880000 - 0x00007ffa7b88c000 	C:\WINDOWS\SYSTEM32\CRYPTBASE.dll
0x00007ffa7b330000 - 0x00007ffa7b36b000 	C:\WINDOWS\SYSTEM32\IPHLPAPI.DLL
0x00007ffa7e2f0000 - 0x00007ffa7e2f8000 	C:\WINDOWS\System32\NSI.dll
0x00007ffa696b0000 - 0x00007ffa696c7000 	C:\WINDOWS\SYSTEM32\dhcpcsvc6.DLL
0x00007ffa6e040000 - 0x00007ffa6e05d000 	C:\WINDOWS\SYSTEM32\dhcpcsvc.DLL
0x00007ffa7b370000 - 0x00007ffa7b43c000 	C:\WINDOWS\SYSTEM32\DNSAPI.dll
0x00007ffa58300000 - 0x00007ffa58312000 	D:\JavaJDK\jdk1.8\jre\bin\nio.dll
0x00007ffa730f0000 - 0x00007ffa730fa000 	C:\Users\57680\AppData\Local\Temp\jansi-1.17.1-6156358004558057881.dll
0x00007ffa713e0000 - 0x00007ffa713ea000 	C:\Users\57680\AppData\Local\Temp\jansi-1.17.1-7150759513773696745.dll

VM Arguments:
jvm_args: -Dmaven.multiModuleProjectDirectory=D:\Mod\Slay the Spire\TheScrollOfTaiwuTheSpire -Dmaven.home=S:\IDE\IntelliJ IDEA Community Edition 2021.2.1\plugins\maven\lib\maven3 -Dclassworlds.conf=S:\IDE\IntelliJ IDEA Community Edition 2021.2.1\plugins\maven\lib\maven3\bin\m2.conf -Dmaven.ext.class.path=S:\IDE\IntelliJ IDEA Community Edition 2021.2.1\plugins\maven\lib\maven-event-listener.jar -javaagent:S:\IDE\IntelliJ IDEA Community Edition 2021.2.1\lib\idea_rt.jar=9328:S:\IDE\IntelliJ IDEA Community Edition 2021.2.1\bin -Dfile.encoding=UTF-8 
java_command: org.codehaus.classworlds.Launcher -Didea.version=2021.2.1 package
java_class_path (initial): S:\IDE\IntelliJ IDEA Community Edition 2021.2.1\plugins\maven\lib\maven3\boot\plexus-classworlds-2.6.0.jar;S:\IDE\IntelliJ IDEA Community Edition 2021.2.1\plugins\maven\lib\maven3\boot\plexus-classworlds.license;S:\IDE\IntelliJ IDEA Community Edition 2021.2.1\lib\idea_rt.jar
Launcher Type: SUN_STANDARD

Environment Variables:
JAVA_HOME=D:\JavaJDK\jdk1.8
PATH=C:\Python39\Scripts\;C:\Python39\;S:\Environment\NVDIA CUDA\CUDA\bin;S:\Environment\NVDIA CUDA\CUDA\libnvvp;C:\Program Files (x86)\Common Files\Oracle\Java\javapath;C:\Windows\system32;C:\Windows;C:\Windows\System32\Wbem;C:\Windows\System32\WindowsPowerShell\v1.0\;C:\Windows\System32\OpenSSH\;C:\Program Files (x86)\NVIDIA Corporation\PhysX\Common;C:\Program Files\NVIDIA Corporation\NVIDIA NvDLISR;C:\Program Files\dotnet\;C:\WINDOWS\system32;C:\WINDOWS;C:\WINDOWS\System32\Wbem;C:\WINDOWS\System32\WindowsPowerShell\v1.0\;C:\WINDOWS\System32\OpenSSH\;D:\Software\Git\cmd;C:\Windows\Microsoft.NET\Framework64;D:\JavaJDK\bin;C:\Program Files\SQL Anywhere 16\bin64;C:\Program Files\SQL Anywhere 16\bin32;D:\IDE\Shared\PowerBuilder;D:\IDE\Shared\PowerBuilder\x64;D:\IDE\PowerBuilder 12.6;C:\WINDOWS\Microsoft.NET\Framework\v4.0.30319;D:\Tools\Putty\;C:\Program Files\Microsoft SQL Server\130\Tools\Binn\;C:\Program Files\Microsoft SQL Server\Client SDK\ODBC\170\Tools\Binn\;C:\apache-maven-3.6.3\bin;C:\apache-tomcat-9.0.36\bin;C:\Program Files (x86)\Intel\Intel(R) Management Engine Components\DAL;C:\Program Files\Intel\Intel(R) Management Engine Components\DAL;C:\Program Files\NVIDIA Corporation\Nsight Compute 2020.2.0\;D:\Tools\Xshell7\;S:\Environment\Nodejs\;C:\ProgramData\chocolatey\bin;C:\Users\57680\AppData\Local\Microsoft\WindowsApps;D:\Software\Bandizip\;C:\Users\57680\Desktop\学习\taiwu mod\cmake-3.15.2-win64-x64\bin;S:\Microsoft VS Code\bin;S:\Environment\anaconda;S:\Environment\anaconda\Scripts;S:\Environment\anaconda\Library\bin;S:\Environment\anaconda\Library\mingw-w64\bin;C:\Users\57680\AppData\Roaming\npm;C:\Users\57680\.dotnet\tools;S:\IDE\IntelliJ IDEA Community Edition 2021.2.1\bin;;C:\Users\57680\AppData\Local\GitHubDesktop\bin
USERNAME=57680
OS=Windows_NT
PROCESSOR_IDENTIFIER=Intel64 Family 6 Model 158 Stepping 9, GenuineIntel



---------------  S Y S T E M  ---------------

OS: Windows 10.0 , 64 bit Build 19041 (10.0.19041.1151)

CPU:total 4 (initial active 4) (4 cores per cpu, 1 threads per core) family 6 model 158 stepping 9, cmov, cx8, fxsr, mmx, sse, sse2, sse3, ssse3, sse4.1, sse4.2, popcnt, avx, avx2, aes, clmul, erms, 3dnowpref, lzcnt, tsc, tscinvbit, bmi1, bmi2, adx

Memory: 4k page, physical 8237256k(414960k free), swap 19771592k(8116k free)

vm_info: Java HotSpot(TM) 64-Bit Server VM (25.241-b07) for windows-amd64 JRE (1.8.0_241-b07), built on Dec 11 2019 10:21:40 by "rejava" with MS VC++ 10.0 (VS2010)

time: Wed Sep 15 22:49:28 2021
timezone: 中国标准时间
elapsed time: 14 seconds (0d 0h 0m 14s)

